running egg_info
creating build/mas_fdir/mas_fdir.egg-info
writing build/mas_fdir/mas_fdir.egg-info/PKG-INFO
writing dependency_links to build/mas_fdir/mas_fdir.egg-info/dependency_links.txt
writing entry points to build/mas_fdir/mas_fdir.egg-info/entry_points.txt
writing requirements to build/mas_fdir/mas_fdir.egg-info/requires.txt
writing top-level names to build/mas_fdir/mas_fdir.egg-info/top_level.txt
writing manifest file 'build/mas_fdir/mas_fdir.egg-info/SOURCES.txt'
reading manifest file 'build/mas_fdir/mas_fdir.egg-info/SOURCES.txt'
writing manifest file 'build/mas_fdir/mas_fdir.egg-info/SOURCES.txt'
running build
running build_py
creating /home/user/work/ros2_ws/src/mas_fdir/build/mas_fdir/build
creating /home/user/work/ros2_ws/src/mas_fdir/build/mas_fdir/build/lib
creating /home/user/work/ros2_ws/src/mas_fdir/build/mas_fdir/build/lib/mas_fdir
copying mas_fdir/visualizer.py -> /home/user/work/ros2_ws/src/mas_fdir/build/mas_fdir/build/lib/mas_fdir
copying mas_fdir/fdir_node_centralized.py -> /home/user/work/ros2_ws/src/mas_fdir/build/mas_fdir/build/lib/mas_fdir
copying mas_fdir/my_agent.py -> /home/user/work/ros2_ws/src/mas_fdir/build/mas_fdir/build/lib/mas_fdir
copying mas_fdir/__init__.py -> /home/user/work/ros2_ws/src/mas_fdir/build/mas_fdir/build/lib/mas_fdir
copying mas_fdir/dynamic_frames_tf2_broadcaster.py -> /home/user/work/ros2_ws/src/mas_fdir/build/mas_fdir/build/lib/mas_fdir
copying mas_fdir/interagent_measurements.py -> /home/user/work/ros2_ws/src/mas_fdir/build/mas_fdir/build/lib/mas_fdir
copying mas_fdir/fdir_node_distributed.py -> /home/user/work/ros2_ws/src/mas_fdir/build/mas_fdir/build/lib/mas_fdir
copying mas_fdir/fixed_frames_tf2_broadcaster.py -> /home/user/work/ros2_ws/src/mas_fdir/build/mas_fdir/build/lib/mas_fdir
running install
running install_lib
creating /home/user/work/ros2_ws/src/mas_fdir/install/lib/python3.10/site-packages/mas_fdir
copying /home/user/work/ros2_ws/src/mas_fdir/build/mas_fdir/build/lib/mas_fdir/visualizer.py -> /home/user/work/ros2_ws/src/mas_fdir/install/lib/python3.10/site-packages/mas_fdir
copying /home/user/work/ros2_ws/src/mas_fdir/build/mas_fdir/build/lib/mas_fdir/fdir_node_centralized.py -> /home/user/work/ros2_ws/src/mas_fdir/install/lib/python3.10/site-packages/mas_fdir
copying /home/user/work/ros2_ws/src/mas_fdir/build/mas_fdir/build/lib/mas_fdir/my_agent.py -> /home/user/work/ros2_ws/src/mas_fdir/install/lib/python3.10/site-packages/mas_fdir
copying /home/user/work/ros2_ws/src/mas_fdir/build/mas_fdir/build/lib/mas_fdir/__init__.py -> /home/user/work/ros2_ws/src/mas_fdir/install/lib/python3.10/site-packages/mas_fdir
copying /home/user/work/ros2_ws/src/mas_fdir/build/mas_fdir/build/lib/mas_fdir/dynamic_frames_tf2_broadcaster.py -> /home/user/work/ros2_ws/src/mas_fdir/install/lib/python3.10/site-packages/mas_fdir
copying /home/user/work/ros2_ws/src/mas_fdir/build/mas_fdir/build/lib/mas_fdir/interagent_measurements.py -> /home/user/work/ros2_ws/src/mas_fdir/install/lib/python3.10/site-packages/mas_fdir
copying /home/user/work/ros2_ws/src/mas_fdir/build/mas_fdir/build/lib/mas_fdir/fdir_node_distributed.py -> /home/user/work/ros2_ws/src/mas_fdir/install/lib/python3.10/site-packages/mas_fdir
copying /home/user/work/ros2_ws/src/mas_fdir/build/mas_fdir/build/lib/mas_fdir/fixed_frames_tf2_broadcaster.py -> /home/user/work/ros2_ws/src/mas_fdir/install/lib/python3.10/site-packages/mas_fdir
byte-compiling /home/user/work/ros2_ws/src/mas_fdir/install/lib/python3.10/site-packages/mas_fdir/visualizer.py to visualizer.cpython-310.pyc
byte-compiling /home/user/work/ros2_ws/src/mas_fdir/install/lib/python3.10/site-packages/mas_fdir/fdir_node_centralized.py to fdir_node_centralized.cpython-310.pyc
byte-compiling /home/user/work/ros2_ws/src/mas_fdir/install/lib/python3.10/site-packages/mas_fdir/my_agent.py to my_agent.cpython-310.pyc
byte-compiling /home/user/work/ros2_ws/src/mas_fdir/install/lib/python3.10/site-packages/mas_fdir/__init__.py to __init__.cpython-310.pyc
byte-compiling /home/user/work/ros2_ws/src/mas_fdir/install/lib/python3.10/site-packages/mas_fdir/dynamic_frames_tf2_broadcaster.py to dynamic_frames_tf2_broadcaster.cpython-310.pyc
byte-compiling /home/user/work/ros2_ws/src/mas_fdir/install/lib/python3.10/site-packages/mas_fdir/interagent_measurements.py to interagent_measurements.cpython-310.pyc
byte-compiling /home/user/work/ros2_ws/src/mas_fdir/install/lib/python3.10/site-packages/mas_fdir/fdir_node_distributed.py to fdir_node_distributed.cpython-310.pyc
byte-compiling /home/user/work/ros2_ws/src/mas_fdir/install/lib/python3.10/site-packages/mas_fdir/fixed_frames_tf2_broadcaster.py to fixed_frames_tf2_broadcaster.cpython-310.pyc
running install_data
creating /home/user/work/ros2_ws/src/mas_fdir/install/share/ament_index
creating /home/user/work/ros2_ws/src/mas_fdir/install/share/ament_index/resource_index
creating /home/user/work/ros2_ws/src/mas_fdir/install/share/ament_index/resource_index/packages
copying resource/mas_fdir -> /home/user/work/ros2_ws/src/mas_fdir/install/share/ament_index/resource_index/packages
copying package.xml -> /home/user/work/ros2_ws/src/mas_fdir/install/share/mas_fdir
creating /home/user/work/ros2_ws/src/mas_fdir/install/share/mas_fdir/launch
copying launch/fdir_mixed_launch.py -> /home/user/work/ros2_ws/src/mas_fdir/install/share/mas_fdir/launch/
copying launch/foxglove_bridge.launch -> /home/user/work/ros2_ws/src/mas_fdir/install/share/mas_fdir/launch/
copying launch/fdir_mixed_sitl_launch.py -> /home/user/work/ros2_ws/src/mas_fdir/install/share/mas_fdir/launch/
copying launch/fdir_sitl_launch.py -> /home/user/work/ros2_ws/src/mas_fdir/install/share/mas_fdir/launch/
copying launch/fdir_mixed_exp_launch.py -> /home/user/work/ros2_ws/src/mas_fdir/install/share/mas_fdir/launch/
running install_egg_info
Copying build/mas_fdir/mas_fdir.egg-info to /home/user/work/ros2_ws/src/mas_fdir/install/lib/python3.10/site-packages/mas_fdir-0.0.0-py3.10.egg-info
running install_scripts
Installing dynamic_frames_tf2_broadcaster script to /home/user/work/ros2_ws/src/mas_fdir/install/lib/mas_fdir
Installing fdir_node_centralized script to /home/user/work/ros2_ws/src/mas_fdir/install/lib/mas_fdir
Installing fixed_frames_tf2_broadcaster script to /home/user/work/ros2_ws/src/mas_fdir/install/lib/mas_fdir
Installing interagent_measurements script to /home/user/work/ros2_ws/src/mas_fdir/install/lib/mas_fdir
Installing my_agent script to /home/user/work/ros2_ws/src/mas_fdir/install/lib/mas_fdir
writing list of installed files to '/home/user/work/ros2_ws/src/mas_fdir/build/mas_fdir/install.log'
