[0.048s] DEBUG:colcon:Command line arguments: ['/usr/bin/colcon', 'build', '--merge-install', '--packages-select', 'mas_fdir']
[0.048s] DEBUG:colcon:Parsed command line arguments: Namespace(log_base=None, log_level=None, verb_name='build', build_base='build', install_base='install', merge_install=True, symlink_install=False, test_result_base=None, continue_on_error=False, executor='parallel', parallel_workers=24, event_handlers=None, ignore_user_meta=False, metas=['./colcon.meta'], base_paths=['.'], packages_ignore=None, packages_ignore_regex=None, paths=None, packages_up_to=None, packages_up_to_regex=None, packages_above=None, packages_above_and_dependencies=None, packages_above_depth=None, packages_select_by_dep=None, packages_skip_by_dep=None, packages_skip_up_to=None, packages_select_build_failed=False, packages_skip_build_finished=False, packages_select_test_failures=False, packages_skip_test_passed=False, packages_select=['mas_fdir'], packages_skip=None, packages_select_regex=None, packages_skip_regex=None, packages_start=None, packages_end=None, cmake_args=None, cmake_target=None, cmake_target_skip_unavailable=False, cmake_clean_cache=False, cmake_clean_first=False, cmake_force_configure=False, ament_cmake_args=None, catkin_cmake_args=None, catkin_skip_building_tests=False, verb_parser=<colcon_defaults.argument_parser.defaults.DefaultArgumentsDecorator object at 0x71adf3907fd0>, verb_extension=<colcon_core.verb.build.BuildVerb object at 0x71adf3a50be0>, main=<bound method BuildVerb.main of <colcon_core.verb.build.BuildVerb object at 0x71adf3a50be0>>)
[0.110s] Level 1:colcon.colcon_core.package_discovery:discover_packages(colcon_meta) check parameters
[0.110s] Level 1:colcon.colcon_core.package_discovery:discover_packages(recursive) check parameters
[0.110s] Level 1:colcon.colcon_core.package_discovery:discover_packages(ignore) check parameters
[0.110s] Level 1:colcon.colcon_core.package_discovery:discover_packages(path) check parameters
[0.110s] Level 1:colcon.colcon_core.package_discovery:discover_packages(colcon_meta) discover
[0.110s] Level 1:colcon.colcon_core.package_discovery:discover_packages(recursive) discover
[0.110s] INFO:colcon.colcon_core.package_discovery:Crawling recursively for packages in '/home/user/work/ros2_ws/src/mas_fdir'
[0.110s] Level 1:colcon.colcon_core.package_identification:_identify(.) by extensions ['ignore', 'ignore_ament_install']
[0.110s] Level 1:colcon.colcon_core.package_identification:_identify(.) by extension 'ignore'
[0.110s] Level 1:colcon.colcon_core.package_identification:_identify(.) by extension 'ignore_ament_install'
[0.110s] Level 1:colcon.colcon_core.package_identification:_identify(.) by extensions ['colcon_pkg']
[0.110s] Level 1:colcon.colcon_core.package_identification:_identify(.) by extension 'colcon_pkg'
[0.110s] Level 1:colcon.colcon_core.package_identification:_identify(.) by extensions ['colcon_meta']
[0.110s] Level 1:colcon.colcon_core.package_identification:_identify(.) by extension 'colcon_meta'
[0.110s] Level 1:colcon.colcon_core.package_identification:_identify(.) by extensions ['ros']
[0.110s] Level 1:colcon.colcon_core.package_identification:_identify(.) by extension 'ros'
[0.117s] DEBUG:colcon.colcon_core.package_identification:Package '.' with type 'ros.ament_python' and name 'mas_fdir'
[0.117s] Level 1:colcon.colcon_core.package_discovery:discover_packages(recursive) using defaults
[0.117s] Level 1:colcon.colcon_core.package_discovery:discover_packages(ignore) discover
[0.117s] Level 1:colcon.colcon_core.package_discovery:discover_packages(ignore) using defaults
[0.117s] Level 1:colcon.colcon_core.package_discovery:discover_packages(path) discover
[0.117s] Level 1:colcon.colcon_core.package_discovery:discover_packages(path) using defaults
[0.127s] Level 5:colcon.colcon_core.verb:set package 'mas_fdir' build argument 'cmake_args' from command line to 'None'
[0.127s] Level 5:colcon.colcon_core.verb:set package 'mas_fdir' build argument 'cmake_target' from command line to 'None'
[0.127s] Level 5:colcon.colcon_core.verb:set package 'mas_fdir' build argument 'cmake_target_skip_unavailable' from command line to 'False'
[0.127s] Level 5:colcon.colcon_core.verb:set package 'mas_fdir' build argument 'cmake_clean_cache' from command line to 'False'
[0.127s] Level 5:colcon.colcon_core.verb:set package 'mas_fdir' build argument 'cmake_clean_first' from command line to 'False'
[0.127s] Level 5:colcon.colcon_core.verb:set package 'mas_fdir' build argument 'cmake_force_configure' from command line to 'False'
[0.127s] Level 5:colcon.colcon_core.verb:set package 'mas_fdir' build argument 'ament_cmake_args' from command line to 'None'
[0.127s] Level 5:colcon.colcon_core.verb:set package 'mas_fdir' build argument 'catkin_cmake_args' from command line to 'None'
[0.127s] Level 5:colcon.colcon_core.verb:set package 'mas_fdir' build argument 'catkin_skip_building_tests' from command line to 'False'
[0.127s] DEBUG:colcon.colcon_core.verb:Building package 'mas_fdir' with the following arguments: {'ament_cmake_args': None, 'build_base': '/home/user/work/ros2_ws/src/mas_fdir/build/mas_fdir', 'catkin_cmake_args': None, 'catkin_skip_building_tests': False, 'cmake_args': None, 'cmake_clean_cache': False, 'cmake_clean_first': False, 'cmake_force_configure': False, 'cmake_target': None, 'cmake_target_skip_unavailable': False, 'install_base': '/home/user/work/ros2_ws/src/mas_fdir/install', 'merge_install': True, 'path': '/home/user/work/ros2_ws/src/mas_fdir', 'symlink_install': False, 'test_result_base': None}
[0.127s] INFO:colcon.colcon_core.executor:Executing jobs using 'parallel' executor
[0.128s] DEBUG:colcon.colcon_parallel_executor.executor.parallel:run_until_complete
[0.128s] INFO:colcon.colcon_ros.task.ament_python.build:Building ROS package in '/home/user/work/ros2_ws/src/mas_fdir' with build type 'ament_python'
[0.128s] Level 1:colcon.colcon_core.shell:create_environment_hook('mas_fdir', 'ament_prefix_path')
[0.129s] INFO:colcon.colcon_core.plugin_system:Skipping extension 'colcon_core.shell.bat': Not used on non-Windows systems
[0.129s] INFO:colcon.colcon_core.shell:Creating environment hook '/home/user/work/ros2_ws/src/mas_fdir/install/share/mas_fdir/hook/ament_prefix_path.ps1'
[0.129s] INFO:colcon.colcon_core.shell:Creating environment descriptor '/home/user/work/ros2_ws/src/mas_fdir/install/share/mas_fdir/hook/ament_prefix_path.dsv'
[0.129s] INFO:colcon.colcon_core.shell:Creating environment hook '/home/user/work/ros2_ws/src/mas_fdir/install/share/mas_fdir/hook/ament_prefix_path.sh'
[0.130s] INFO:colcon.colcon_core.shell:Skip shell extension 'powershell' for command environment: Not usable outside of PowerShell
[0.130s] DEBUG:colcon.colcon_core.shell:Skip shell extension 'dsv' for command environment
[0.240s] INFO:colcon.colcon_core.task.python.build:Building Python package in '/home/user/work/ros2_ws/src/mas_fdir'
[0.240s] INFO:colcon.colcon_core.shell:Skip shell extension 'powershell' for command environment: Not usable outside of PowerShell
[0.241s] DEBUG:colcon.colcon_core.shell:Skip shell extension 'dsv' for command environment
[0.394s] DEBUG:colcon.colcon_core.event_handler.log_command:Invoking command in '/home/user/work/ros2_ws/src/mas_fdir': PYTHONPATH=/home/user/work/ros2_ws/src/mas_fdir/build/mas_fdir/prefix_override:/usr/lib/python3/dist-packages/colcon_core/task/python/colcon_distutils_commands:/home/user/work/ros2_ws/src/mas_fdir/install/lib/python3.10/site-packages:${PYTHONPATH} /usr/bin/python3 -W ignore:setup.py install is deprecated setup.py egg_info --egg-base build/mas_fdir build --build-base /home/user/work/ros2_ws/src/mas_fdir/build/mas_fdir/build install --record /home/user/work/ros2_ws/src/mas_fdir/build/mas_fdir/install.log --single-version-externally-managed install_data
[0.525s] DEBUG:colcon.colcon_core.event_handler.log_command:Invoked command in '/home/user/work/ros2_ws/src/mas_fdir' returned '0': PYTHONPATH=/home/user/work/ros2_ws/src/mas_fdir/build/mas_fdir/prefix_override:/usr/lib/python3/dist-packages/colcon_core/task/python/colcon_distutils_commands:/home/user/work/ros2_ws/src/mas_fdir/install/lib/python3.10/site-packages:${PYTHONPATH} /usr/bin/python3 -W ignore:setup.py install is deprecated setup.py egg_info --egg-base build/mas_fdir build --build-base /home/user/work/ros2_ws/src/mas_fdir/build/mas_fdir/build install --record /home/user/work/ros2_ws/src/mas_fdir/build/mas_fdir/install.log --single-version-externally-managed install_data
[0.527s] Level 1:colcon.colcon_core.environment:checking '/home/user/work/ros2_ws/src/mas_fdir/install' for CMake module files
[0.527s] Level 1:colcon.colcon_core.environment:checking '/home/user/work/ros2_ws/src/mas_fdir/install' for CMake config files
[0.528s] Level 1:colcon.colcon_core.environment:checking '/home/user/work/ros2_ws/src/mas_fdir/install/lib'
[0.528s] Level 1:colcon.colcon_core.environment:checking '/home/user/work/ros2_ws/src/mas_fdir/install/bin'
[0.528s] Level 1:colcon.colcon_core.environment:checking '/home/user/work/ros2_ws/src/mas_fdir/install/lib/pkgconfig/mas_fdir.pc'
[0.528s] Level 1:colcon.colcon_core.environment:checking '/home/user/work/ros2_ws/src/mas_fdir/install/lib/python3.10/site-packages'
[0.528s] Level 1:colcon.colcon_core.shell:create_environment_hook('mas_fdir', 'pythonpath')
[0.528s] INFO:colcon.colcon_core.shell:Creating environment hook '/home/user/work/ros2_ws/src/mas_fdir/install/share/mas_fdir/hook/pythonpath.ps1'
[0.529s] INFO:colcon.colcon_core.shell:Creating environment descriptor '/home/user/work/ros2_ws/src/mas_fdir/install/share/mas_fdir/hook/pythonpath.dsv'
[0.529s] INFO:colcon.colcon_core.shell:Creating environment hook '/home/user/work/ros2_ws/src/mas_fdir/install/share/mas_fdir/hook/pythonpath.sh'
[0.529s] Level 1:colcon.colcon_core.environment:checking '/home/user/work/ros2_ws/src/mas_fdir/install/bin'
[0.529s] Level 1:colcon.colcon_core.environment:create_environment_scripts_only(mas_fdir)
[0.529s] INFO:colcon.colcon_core.shell:Creating package script '/home/user/work/ros2_ws/src/mas_fdir/install/share/mas_fdir/package.ps1'
[0.529s] INFO:colcon.colcon_core.shell:Creating package descriptor '/home/user/work/ros2_ws/src/mas_fdir/install/share/mas_fdir/package.dsv'
[0.530s] INFO:colcon.colcon_core.shell:Creating package script '/home/user/work/ros2_ws/src/mas_fdir/install/share/mas_fdir/package.sh'
[0.530s] INFO:colcon.colcon_core.shell:Creating package script '/home/user/work/ros2_ws/src/mas_fdir/install/share/mas_fdir/package.bash'
[0.530s] INFO:colcon.colcon_core.shell:Creating package script '/home/user/work/ros2_ws/src/mas_fdir/install/share/mas_fdir/package.zsh'
[0.530s] Level 1:colcon.colcon_core.environment:create_file_with_runtime_dependencies(/home/user/work/ros2_ws/src/mas_fdir/install/share/colcon-core/packages/mas_fdir)
[0.531s] DEBUG:colcon.colcon_parallel_executor.executor.parallel:closing loop
[0.531s] DEBUG:colcon.colcon_parallel_executor.executor.parallel:loop closed
[0.531s] DEBUG:colcon.colcon_parallel_executor.executor.parallel:run_until_complete finished with '0'
[0.531s] DEBUG:colcon.colcon_core.event_reactor:joining thread
[0.533s] INFO:colcon.colcon_core.plugin_system:Skipping extension 'colcon_notification.desktop_notification.notify_send': Could not find 'notify-send'
[0.533s] INFO:colcon.colcon_core.plugin_system:Skipping extension 'colcon_notification.desktop_notification.terminal_notifier': Not used on non-Darwin systems
[0.533s] INFO:colcon.colcon_core.plugin_system:Skipping extension 'colcon_notification.desktop_notification.win32': Not used on non-Windows systems
[0.533s] INFO:colcon.colcon_notification.desktop_notification:Sending desktop notification using 'notify2'
[0.535s] DEBUG:colcon.colcon_notification.desktop_notification.notify2:Failed to initialize notify2: org.freedesktop.DBus.Error.Spawn.ExecFailed: /usr/bin/dbus-launch terminated abnormally without any error message
[0.535s] DEBUG:colcon.colcon_core.event_reactor:joined thread
[0.535s] INFO:colcon.colcon_core.shell:Creating prefix script '/home/user/work/ros2_ws/src/mas_fdir/install/local_setup.ps1'
[0.536s] INFO:colcon.colcon_core.shell:Creating prefix util module '/home/user/work/ros2_ws/src/mas_fdir/install/_local_setup_util_ps1.py'
[0.536s] INFO:colcon.colcon_core.shell:Creating prefix chain script '/home/user/work/ros2_ws/src/mas_fdir/install/setup.ps1'
[0.537s] INFO:colcon.colcon_core.shell:Creating prefix script '/home/user/work/ros2_ws/src/mas_fdir/install/local_setup.sh'
[0.537s] INFO:colcon.colcon_core.shell:Creating prefix util module '/home/user/work/ros2_ws/src/mas_fdir/install/_local_setup_util_sh.py'
[0.537s] INFO:colcon.colcon_core.shell:Creating prefix chain script '/home/user/work/ros2_ws/src/mas_fdir/install/setup.sh'
[0.538s] INFO:colcon.colcon_core.shell:Creating prefix script '/home/user/work/ros2_ws/src/mas_fdir/install/local_setup.bash'
[0.538s] INFO:colcon.colcon_core.shell:Creating prefix chain script '/home/user/work/ros2_ws/src/mas_fdir/install/setup.bash'
[0.538s] INFO:colcon.colcon_core.shell:Creating prefix script '/home/user/work/ros2_ws/src/mas_fdir/install/local_setup.zsh'
[0.538s] INFO:colcon.colcon_core.shell:Creating prefix chain script '/home/user/work/ros2_ws/src/mas_fdir/install/setup.zsh'
